<?xml version="1.0" encoding="UTF-8"?>
<robot generator="Robot 6.0 (Python 3.9.14 on darwin)" generated="20221028 00:41:14.722" rpa="false" schemaversion="3">
<suite id="s1" name="Testsuite" source="/Users/mac/PycharmProjects/farmacare/Testsuite">
<suite id="s1-s1" name="1.Login Page" source="/Users/mac/PycharmProjects/farmacare/Testsuite/1.login_page.robot">
<test id="s1-s1-t1" name="TC001" line="13">
<kw name="Valid login">
<kw name="Open Browser" library="SeleniumLibrary">
<arg>${url}</arg>
<arg>${Browser}</arg>
<doc>Opens a new browser instance to the optional ``url``.</doc>
<msg timestamp="20221028 00:41:14.895" level="INFO">Opening browser 'chrome' to base url 'https://www.bookdepository.com'.</msg>
<status status="PASS" starttime="20221028 00:41:14.894" endtime="20221028 00:41:19.958"/>
</kw>
<kw name="Maximize Browser Window" library="SeleniumLibrary">
<doc>Maximizes current browser window.</doc>
<status status="PASS" starttime="20221028 00:41:19.958" endtime="20221028 00:41:20.199"/>
</kw>
<kw name="Click Link" library="SeleniumLibrary">
<arg>//a[@href="/account/login/to/account"]</arg>
<doc>Clicks a link identified by ``locator``.</doc>
<msg timestamp="20221028 00:41:20.200" level="INFO">Clicking link '//a[@href="/account/login/to/account"]'.</msg>
<status status="PASS" starttime="20221028 00:41:20.199" endtime="20221028 00:41:22.538"/>
</kw>
<kw name="Sleep" library="BuiltIn">
<arg>2s</arg>
<doc>Pauses the test executed for the given time.</doc>
<msg timestamp="20221028 00:41:24.539" level="INFO">Slept 2 seconds</msg>
<status status="PASS" starttime="20221028 00:41:22.538" endtime="20221028 00:41:24.540"/>
</kw>
<kw name="Wait Until Element Is Visible" library="SeleniumLibrary">
<arg>tag:iframe</arg>
<doc>Waits until the element ``locator`` is visible.</doc>
<status status="PASS" starttime="20221028 00:41:24.540" endtime="20221028 00:41:24.566"/>
</kw>
<kw name="Select Frame" library="SeleniumLibrary">
<arg>tag:iframe</arg>
<doc>Sets frame identified by ``locator`` as the current frame.</doc>
<msg timestamp="20221028 00:41:24.566" level="INFO">Selecting frame 'tag:iframe'.</msg>
<status status="PASS" starttime="20221028 00:41:24.566" endtime="20221028 00:41:24.587"/>
</kw>
<kw name="Input Text" library="SeleniumLibrary">
<arg>${email}</arg>
<arg>${email_data}</arg>
<doc>Types the given ``text`` into the text field identified by ``locator``.</doc>
<msg timestamp="20221028 00:41:24.588" level="INFO">Typing text 'ega.rifs@gmail.com' into text field 'ap_email'.</msg>
<status status="PASS" starttime="20221028 00:41:24.587" endtime="20221028 00:41:24.751"/>
</kw>
<kw name="Input Text" library="SeleniumLibrary">
<arg>${passwd}</arg>
<arg>${pass_data}</arg>
<doc>Types the given ``text`` into the text field identified by ``locator``.</doc>
<msg timestamp="20221028 00:41:24.752" level="INFO">Typing text '@Bookdepository123' into text field 'ap_password'.</msg>
<status status="PASS" starttime="20221028 00:41:24.751" endtime="20221028 00:41:24.887"/>
</kw>
<kw name="Click Element" library="SeleniumLibrary">
<arg>signInSubmit</arg>
<doc>Click the element identified by ``locator``.</doc>
<msg timestamp="20221028 00:41:24.888" level="INFO">Clicking element 'signInSubmit'.</msg>
<status status="PASS" starttime="20221028 00:41:24.888" endtime="20221028 00:41:25.058"/>
</kw>
<status status="PASS" starttime="20221028 00:41:14.894" endtime="20221028 00:41:25.058"/>
</kw>
<kw name="Element Should Contain" library="SeleniumLibrary">
<arg>//li[contains(@class, 'desktop-only')]</arg>
<arg>Hello ega firdaus</arg>
<doc>Verifies that element ``locator`` contains text ``expected``.</doc>
<msg timestamp="20221028 00:41:27.531" level="INFO">Element '//li[contains(@class, 'desktop-only')]' contains text 'Hello ega firdaus'.</msg>
<status status="PASS" starttime="20221028 00:41:25.058" endtime="20221028 00:41:27.531"/>
</kw>
<kw name="Close Browser" library="SeleniumLibrary">
<doc>Closes the current browser.</doc>
<status status="PASS" starttime="20221028 00:41:27.531" endtime="20221028 00:41:27.655"/>
</kw>
<status status="PASS" starttime="20221028 00:41:14.893" endtime="20221028 00:41:27.655"/>
</test>
<status status="PASS" starttime="20221028 00:41:14.748" endtime="20221028 00:41:27.657"/>
</suite>
<suite id="s1-s2" name="2.Basket Page" source="/Users/mac/PycharmProjects/farmacare/Testsuite/2.basket_page.robot">
<test id="s1-s2-t1" name="TC002" line="6">
<kw name="Valid login" library="commons">
<kw name="Open Browser" library="SeleniumLibrary">
<arg>${url}</arg>
<arg>${Browser}</arg>
<doc>Opens a new browser instance to the optional ``url``.</doc>
<msg timestamp="20221028 00:41:27.668" level="INFO">Opening browser 'chrome' to base url 'https://www.bookdepository.com'.</msg>
<status status="PASS" starttime="20221028 00:41:27.668" endtime="20221028 00:41:32.291"/>
</kw>
<kw name="Maximize Browser Window" library="SeleniumLibrary">
<doc>Maximizes current browser window.</doc>
<status status="PASS" starttime="20221028 00:41:32.291" endtime="20221028 00:41:32.528"/>
</kw>
<kw name="Click Link" library="SeleniumLibrary">
<arg>//a[@href="/account/login/to/account"]</arg>
<doc>Clicks a link identified by ``locator``.</doc>
<msg timestamp="20221028 00:41:32.530" level="INFO">Clicking link '//a[@href="/account/login/to/account"]'.</msg>
<status status="PASS" starttime="20221028 00:41:32.529" endtime="20221028 00:41:37.468"/>
</kw>
<kw name="Sleep" library="BuiltIn">
<arg>2s</arg>
<doc>Pauses the test executed for the given time.</doc>
<msg timestamp="20221028 00:41:39.470" level="INFO">Slept 2 seconds</msg>
<status status="PASS" starttime="20221028 00:41:37.469" endtime="20221028 00:41:39.470"/>
</kw>
<kw name="Wait Until Element Is Visible" library="SeleniumLibrary">
<arg>tag:iframe</arg>
<doc>Waits until the element ``locator`` is visible.</doc>
<status status="PASS" starttime="20221028 00:41:39.470" endtime="20221028 00:41:39.496"/>
</kw>
<kw name="Select Frame" library="SeleniumLibrary">
<arg>tag:iframe</arg>
<doc>Sets frame identified by ``locator`` as the current frame.</doc>
<msg timestamp="20221028 00:41:39.497" level="INFO">Selecting frame 'tag:iframe'.</msg>
<status status="PASS" starttime="20221028 00:41:39.496" endtime="20221028 00:41:39.517"/>
</kw>
<kw name="Input Text" library="SeleniumLibrary">
<arg>${email}</arg>
<arg>${email_data}</arg>
<doc>Types the given ``text`` into the text field identified by ``locator``.</doc>
<msg timestamp="20221028 00:41:39.518" level="INFO">Typing text 'ega.rifs@gmail.com' into text field 'ap_email'.</msg>
<status status="PASS" starttime="20221028 00:41:39.517" endtime="20221028 00:41:39.684"/>
</kw>
<kw name="Input Text" library="SeleniumLibrary">
<arg>${passwd}</arg>
<arg>${pass_data}</arg>
<doc>Types the given ``text`` into the text field identified by ``locator``.</doc>
<msg timestamp="20221028 00:41:39.684" level="INFO">Typing text '@Bookdepository123' into text field 'ap_password'.</msg>
<status status="PASS" starttime="20221028 00:41:39.684" endtime="20221028 00:41:39.820"/>
</kw>
<kw name="Click Element" library="SeleniumLibrary">
<arg>signInSubmit</arg>
<doc>Click the element identified by ``locator``.</doc>
<msg timestamp="20221028 00:41:39.821" level="INFO">Clicking element 'signInSubmit'.</msg>
<status status="PASS" starttime="20221028 00:41:39.820" endtime="20221028 00:41:39.996"/>
</kw>
<status status="PASS" starttime="20221028 00:41:27.667" endtime="20221028 00:41:39.996"/>
</kw>
<kw name="Input Text" library="SeleniumLibrary">
<arg>name:searchTerm</arg>
<arg>Atomic Habbit</arg>
<doc>Types the given ``text`` into the text field identified by ``locator``.</doc>
<msg timestamp="20221028 00:41:39.997" level="INFO">Typing text 'Atomic Habbit' into text field 'name:searchTerm'.</msg>
<status status="PASS" starttime="20221028 00:41:39.996" endtime="20221028 00:41:42.621"/>
</kw>
<kw name="Press Keys" library="SeleniumLibrary">
<arg>name:searchTerm</arg>
<arg>ENTER</arg>
<doc>Simulates the user pressing key(s) to an element or on the active browser.</doc>
<msg timestamp="20221028 00:41:42.623" level="INFO">Sending key(s) ('ENTER',) to name:searchTerm element.</msg>
<msg timestamp="20221028 00:41:42.938" level="INFO">Pressing special key ENTER to element.</msg>
<msg timestamp="20221028 00:41:42.939" level="INFO">Releasing special key ENTER.</msg>
<status status="PASS" starttime="20221028 00:41:42.622" endtime="20221028 00:41:44.154"/>
</kw>
<kw name="Select From List By Index" library="SeleniumLibrary">
<arg>name:searchSortBy</arg>
<arg>1</arg>
<doc>Selects options from selection list ``locator`` by ``indexes``.</doc>
<msg timestamp="20221028 00:41:44.155" level="INFO">Selecting options from selection list 'name:searchSortBy' by index 1.</msg>
<status status="PASS" starttime="20221028 00:41:44.155" endtime="20221028 00:41:45.363"/>
</kw>
<kw name="Should Be Equal As Strings" library="BuiltIn">
<arg>Rp189.951</arg>
<arg>Rp189.951</arg>
<doc>Fails if objects are unequal after converting them to strings.</doc>
<status status="PASS" starttime="20221028 00:41:45.363" endtime="20221028 00:41:45.364"/>
</kw>
<kw name="Close Browser" library="SeleniumLibrary">
<doc>Closes the current browser.</doc>
<status status="PASS" starttime="20221028 00:41:45.364" endtime="20221028 00:41:45.504"/>
</kw>
<status status="PASS" starttime="20221028 00:41:27.667" endtime="20221028 00:41:45.505"/>
</test>
<test id="s1-s2-t2" name="TC003" line="14">
<kw name="Valid login" library="commons">
<kw name="Open Browser" library="SeleniumLibrary">
<arg>${url}</arg>
<arg>${Browser}</arg>
<doc>Opens a new browser instance to the optional ``url``.</doc>
<msg timestamp="20221028 00:41:45.508" level="INFO">Opening browser 'chrome' to base url 'https://www.bookdepository.com'.</msg>
<status status="PASS" starttime="20221028 00:41:45.507" endtime="20221028 00:41:50.222"/>
</kw>
<kw name="Maximize Browser Window" library="SeleniumLibrary">
<doc>Maximizes current browser window.</doc>
<status status="PASS" starttime="20221028 00:41:50.222" endtime="20221028 00:41:50.464"/>
</kw>
<kw name="Click Link" library="SeleniumLibrary">
<arg>//a[@href="/account/login/to/account"]</arg>
<doc>Clicks a link identified by ``locator``.</doc>
<msg timestamp="20221028 00:41:50.466" level="INFO">Clicking link '//a[@href="/account/login/to/account"]'.</msg>
<status status="PASS" starttime="20221028 00:41:50.465" endtime="20221028 00:41:52.646"/>
</kw>
<kw name="Sleep" library="BuiltIn">
<arg>2s</arg>
<doc>Pauses the test executed for the given time.</doc>
<msg timestamp="20221028 00:41:54.649" level="INFO">Slept 2 seconds</msg>
<status status="PASS" starttime="20221028 00:41:52.647" endtime="20221028 00:41:54.649"/>
</kw>
<kw name="Wait Until Element Is Visible" library="SeleniumLibrary">
<arg>tag:iframe</arg>
<doc>Waits until the element ``locator`` is visible.</doc>
<status status="PASS" starttime="20221028 00:41:54.650" endtime="20221028 00:41:54.675"/>
</kw>
<kw name="Select Frame" library="SeleniumLibrary">
<arg>tag:iframe</arg>
<doc>Sets frame identified by ``locator`` as the current frame.</doc>
<msg timestamp="20221028 00:41:54.676" level="INFO">Selecting frame 'tag:iframe'.</msg>
<status status="PASS" starttime="20221028 00:41:54.675" endtime="20221028 00:41:54.697"/>
</kw>
<kw name="Input Text" library="SeleniumLibrary">
<arg>${email}</arg>
<arg>${email_data}</arg>
<doc>Types the given ``text`` into the text field identified by ``locator``.</doc>
<msg timestamp="20221028 00:41:54.698" level="INFO">Typing text 'ega.rifs@gmail.com' into text field 'ap_email'.</msg>
<status status="PASS" starttime="20221028 00:41:54.697" endtime="20221028 00:41:54.858"/>
</kw>
<kw name="Input Text" library="SeleniumLibrary">
<arg>${passwd}</arg>
<arg>${pass_data}</arg>
<doc>Types the given ``text`` into the text field identified by ``locator``.</doc>
<msg timestamp="20221028 00:41:54.859" level="INFO">Typing text '@Bookdepository123' into text field 'ap_password'.</msg>
<status status="PASS" starttime="20221028 00:41:54.858" endtime="20221028 00:41:54.995"/>
</kw>
<kw name="Click Element" library="SeleniumLibrary">
<arg>signInSubmit</arg>
<doc>Click the element identified by ``locator``.</doc>
<msg timestamp="20221028 00:41:54.996" level="INFO">Clicking element 'signInSubmit'.</msg>
<status status="PASS" starttime="20221028 00:41:54.995" endtime="20221028 00:41:55.162"/>
</kw>
<status status="PASS" starttime="20221028 00:41:45.506" endtime="20221028 00:41:55.163"/>
</kw>
<kw name="Sleep" library="BuiltIn">
<arg>2s</arg>
<doc>Pauses the test executed for the given time.</doc>
<msg timestamp="20221028 00:41:57.164" level="INFO">Slept 2 seconds</msg>
<status status="PASS" starttime="20221028 00:41:55.163" endtime="20221028 00:41:57.165"/>
</kw>
<kw name="Input Text" library="SeleniumLibrary">
<arg>searchTerm</arg>
<arg>Atomic Habbit</arg>
<doc>Types the given ``text`` into the text field identified by ``locator``.</doc>
<msg timestamp="20221028 00:41:57.166" level="INFO">Typing text 'Atomic Habbit' into text field 'searchTerm'.</msg>
<status status="PASS" starttime="20221028 00:41:57.165" endtime="20221028 00:41:57.585"/>
</kw>
<kw name="Press Keys" library="SeleniumLibrary">
<arg>name:searchTerm</arg>
<arg>ENTER</arg>
<doc>Simulates the user pressing key(s) to an element or on the active browser.</doc>
<msg timestamp="20221028 00:41:57.586" level="INFO">Sending key(s) ('ENTER',) to name:searchTerm element.</msg>
<msg timestamp="20221028 00:41:58.009" level="INFO">Pressing special key ENTER to element.</msg>
<msg timestamp="20221028 00:41:58.009" level="INFO">Releasing special key ENTER.</msg>
<status status="PASS" starttime="20221028 00:41:57.585" endtime="20221028 00:41:59.093"/>
</kw>
<kw name="Click Link" library="SeleniumLibrary">
<arg>link:Add to basket</arg>
<doc>Clicks a link identified by ``locator``.</doc>
<msg timestamp="20221028 00:41:59.093" level="INFO">Clicking link 'link:Add to basket'.</msg>
<status status="PASS" starttime="20221028 00:41:59.093" endtime="20221028 00:41:59.459"/>
</kw>
<kw name="Sleep" library="BuiltIn">
<arg>2s</arg>
<doc>Pauses the test executed for the given time.</doc>
<msg timestamp="20221028 00:42:01.462" level="INFO">Slept 2 seconds</msg>
<status status="PASS" starttime="20221028 00:41:59.459" endtime="20221028 00:42:01.463"/>
</kw>
<kw name="Click Element" library="SeleniumLibrary">
<arg>xpath://a[contains(text(),'Basket / Checkout')]</arg>
<doc>Click the element identified by ``locator``.</doc>
<msg timestamp="20221028 00:42:01.464" level="INFO">Clicking element 'xpath://a[contains(text(),'Basket / Checkout')]'.</msg>
<status status="PASS" starttime="20221028 00:42:01.463" endtime="20221028 00:42:03.348"/>
</kw>
<kw name="Element Should Contain" library="SeleniumLibrary">
<arg>//span[contains(@class, 'basket-total')]</arg>
<arg>Rp340.872</arg>
<doc>Verifies that element ``locator`` contains text ``expected``.</doc>
<msg timestamp="20221028 00:42:03.389" level="INFO">Element '//span[contains(@class, 'basket-total')]' contains text 'Rp340.872'.</msg>
<status status="PASS" starttime="20221028 00:42:03.348" endtime="20221028 00:42:03.389"/>
</kw>
<kw name="Close Browser" library="SeleniumLibrary">
<doc>Closes the current browser.</doc>
<status status="PASS" starttime="20221028 00:42:03.389" endtime="20221028 00:42:03.532"/>
</kw>
<status status="PASS" starttime="20221028 00:41:45.505" endtime="20221028 00:42:03.532"/>
</test>
<test id="s1-s2-t3" name="TC004" line="25">
<kw name="Valid login" library="commons">
<kw name="Open Browser" library="SeleniumLibrary">
<arg>${url}</arg>
<arg>${Browser}</arg>
<doc>Opens a new browser instance to the optional ``url``.</doc>
<msg timestamp="20221028 00:42:03.535" level="INFO">Opening browser 'chrome' to base url 'https://www.bookdepository.com'.</msg>
<status status="PASS" starttime="20221028 00:42:03.534" endtime="20221028 00:42:08.110"/>
</kw>
<kw name="Maximize Browser Window" library="SeleniumLibrary">
<doc>Maximizes current browser window.</doc>
<status status="PASS" starttime="20221028 00:42:08.111" endtime="20221028 00:42:08.363"/>
</kw>
<kw name="Click Link" library="SeleniumLibrary">
<arg>//a[@href="/account/login/to/account"]</arg>
<doc>Clicks a link identified by ``locator``.</doc>
<msg timestamp="20221028 00:42:08.364" level="INFO">Clicking link '//a[@href="/account/login/to/account"]'.</msg>
<status status="PASS" starttime="20221028 00:42:08.363" endtime="20221028 00:42:12.817"/>
</kw>
<kw name="Sleep" library="BuiltIn">
<arg>2s</arg>
<doc>Pauses the test executed for the given time.</doc>
<msg timestamp="20221028 00:42:14.818" level="INFO">Slept 2 seconds</msg>
<status status="PASS" starttime="20221028 00:42:12.817" endtime="20221028 00:42:14.818"/>
</kw>
<kw name="Wait Until Element Is Visible" library="SeleniumLibrary">
<arg>tag:iframe</arg>
<doc>Waits until the element ``locator`` is visible.</doc>
<status status="PASS" starttime="20221028 00:42:14.819" endtime="20221028 00:42:14.844"/>
</kw>
<kw name="Select Frame" library="SeleniumLibrary">
<arg>tag:iframe</arg>
<doc>Sets frame identified by ``locator`` as the current frame.</doc>
<msg timestamp="20221028 00:42:14.845" level="INFO">Selecting frame 'tag:iframe'.</msg>
<status status="PASS" starttime="20221028 00:42:14.844" endtime="20221028 00:42:14.865"/>
</kw>
<kw name="Input Text" library="SeleniumLibrary">
<arg>${email}</arg>
<arg>${email_data}</arg>
<doc>Types the given ``text`` into the text field identified by ``locator``.</doc>
<msg timestamp="20221028 00:42:14.866" level="INFO">Typing text 'ega.rifs@gmail.com' into text field 'ap_email'.</msg>
<status status="PASS" starttime="20221028 00:42:14.865" endtime="20221028 00:42:15.051"/>
</kw>
<kw name="Input Text" library="SeleniumLibrary">
<arg>${passwd}</arg>
<arg>${pass_data}</arg>
<doc>Types the given ``text`` into the text field identified by ``locator``.</doc>
<msg timestamp="20221028 00:42:15.052" level="INFO">Typing text '@Bookdepository123' into text field 'ap_password'.</msg>
<status status="PASS" starttime="20221028 00:42:15.051" endtime="20221028 00:42:15.185"/>
</kw>
<kw name="Click Element" library="SeleniumLibrary">
<arg>signInSubmit</arg>
<doc>Click the element identified by ``locator``.</doc>
<msg timestamp="20221028 00:42:15.186" level="INFO">Clicking element 'signInSubmit'.</msg>
<status status="PASS" starttime="20221028 00:42:15.185" endtime="20221028 00:42:15.321"/>
</kw>
<status status="PASS" starttime="20221028 00:42:03.534" endtime="20221028 00:42:15.322"/>
</kw>
<kw name="Sleep" library="BuiltIn">
<arg>2s</arg>
<doc>Pauses the test executed for the given time.</doc>
<msg timestamp="20221028 00:42:17.323" level="INFO">Slept 2 seconds</msg>
<status status="PASS" starttime="20221028 00:42:15.322" endtime="20221028 00:42:17.323"/>
</kw>
<kw name="Input Text" library="SeleniumLibrary">
<arg>searchTerm</arg>
<arg>Atomic Habbit</arg>
<doc>Types the given ``text`` into the text field identified by ``locator``.</doc>
<msg timestamp="20221028 00:42:17.324" level="INFO">Typing text 'Atomic Habbit' into text field 'searchTerm'.</msg>
<status status="PASS" starttime="20221028 00:42:17.323" endtime="20221028 00:42:17.969"/>
</kw>
<kw name="Press Keys" library="SeleniumLibrary">
<arg>name:searchTerm</arg>
<arg>ENTER</arg>
<doc>Simulates the user pressing key(s) to an element or on the active browser.</doc>
<msg timestamp="20221028 00:42:17.970" level="INFO">Sending key(s) ('ENTER',) to name:searchTerm element.</msg>
<msg timestamp="20221028 00:42:18.343" level="INFO">Pressing special key ENTER to element.</msg>
<msg timestamp="20221028 00:42:18.343" level="INFO">Releasing special key ENTER.</msg>
<status status="PASS" starttime="20221028 00:42:17.969" endtime="20221028 00:42:19.929"/>
</kw>
<kw name="Click Link" library="SeleniumLibrary">
<arg>link:Add to basket</arg>
<doc>Clicks a link identified by ``locator``.</doc>
<msg timestamp="20221028 00:42:19.930" level="INFO">Clicking link 'link:Add to basket'.</msg>
<status status="PASS" starttime="20221028 00:42:19.929" endtime="20221028 00:42:20.291"/>
</kw>
<kw name="Sleep" library="BuiltIn">
<arg>2s</arg>
<doc>Pauses the test executed for the given time.</doc>
<msg timestamp="20221028 00:42:22.292" level="INFO">Slept 2 seconds</msg>
<status status="PASS" starttime="20221028 00:42:20.291" endtime="20221028 00:42:22.292"/>
</kw>
<kw name="Click Element" library="SeleniumLibrary">
<arg>xpath://a[contains(text(),'Basket / Checkout')]</arg>
<doc>Click the element identified by ``locator``.</doc>
<msg timestamp="20221028 00:42:22.294" level="INFO">Clicking element 'xpath://a[contains(text(),'Basket / Checkout')]'.</msg>
<status status="PASS" starttime="20221028 00:42:22.293" endtime="20221028 00:42:24.079"/>
</kw>
<kw name="Element Should Contain" library="SeleniumLibrary">
<arg>//span[contains(@class, 'basket-total')]</arg>
<arg>Rp340.872</arg>
<doc>Verifies that element ``locator`` contains text ``expected``.</doc>
<msg timestamp="20221028 00:42:24.122" level="INFO">Element '//span[contains(@class, 'basket-total')]' contains text 'Rp340.872'.</msg>
<status status="PASS" starttime="20221028 00:42:24.079" endtime="20221028 00:42:24.122"/>
</kw>
<kw name="Click Element" library="SeleniumLibrary">
<arg>//button[contains(@class, 'btn remove-btn')]</arg>
<doc>Click the element identified by ``locator``.</doc>
<msg timestamp="20221028 00:42:24.123" level="INFO">Clicking element '//button[contains(@class, 'btn remove-btn')]'.</msg>
<status status="PASS" starttime="20221028 00:42:24.122" endtime="20221028 00:42:25.667"/>
</kw>
<kw name="Element Should Contain" library="SeleniumLibrary">
<arg>//div[contains(@class, 'checkout-head-wrap')]</arg>
<arg>Your basket is empty.</arg>
<doc>Verifies that element ``locator`` contains text ``expected``.</doc>
<msg timestamp="20221028 00:42:25.707" level="INFO">Element '//div[contains(@class, 'checkout-head-wrap')]' contains text 'Your basket is empty.'.</msg>
<status status="PASS" starttime="20221028 00:42:25.667" endtime="20221028 00:42:25.707"/>
</kw>
<kw name="Close Browser" library="SeleniumLibrary">
<doc>Closes the current browser.</doc>
<status status="PASS" starttime="20221028 00:42:25.707" endtime="20221028 00:42:25.856"/>
</kw>
<status status="PASS" starttime="20221028 00:42:03.533" endtime="20221028 00:42:25.856"/>
</test>
<status status="PASS" starttime="20221028 00:41:27.659" endtime="20221028 00:42:25.858"/>
</suite>
<suite id="s1-s3" name="3.Whislist Page" source="/Users/mac/PycharmProjects/farmacare/Testsuite/3.whislist_page.robot">
<test id="s1-s3-t1" name="TC005" line="7">
<kw name="Valid login" library="commons">
<kw name="Open Browser" library="SeleniumLibrary">
<arg>${url}</arg>
<arg>${Browser}</arg>
<doc>Opens a new browser instance to the optional ``url``.</doc>
<msg timestamp="20221028 00:42:25.866" level="INFO">Opening browser 'chrome' to base url 'https://www.bookdepository.com'.</msg>
<status status="PASS" starttime="20221028 00:42:25.865" endtime="20221028 00:42:30.194"/>
</kw>
<kw name="Maximize Browser Window" library="SeleniumLibrary">
<doc>Maximizes current browser window.</doc>
<status status="PASS" starttime="20221028 00:42:30.194" endtime="20221028 00:42:30.456"/>
</kw>
<kw name="Click Link" library="SeleniumLibrary">
<arg>//a[@href="/account/login/to/account"]</arg>
<doc>Clicks a link identified by ``locator``.</doc>
<msg timestamp="20221028 00:42:30.458" level="INFO">Clicking link '//a[@href="/account/login/to/account"]'.</msg>
<status status="PASS" starttime="20221028 00:42:30.457" endtime="20221028 00:42:32.724"/>
</kw>
<kw name="Sleep" library="BuiltIn">
<arg>2s</arg>
<doc>Pauses the test executed for the given time.</doc>
<msg timestamp="20221028 00:42:34.726" level="INFO">Slept 2 seconds</msg>
<status status="PASS" starttime="20221028 00:42:32.724" endtime="20221028 00:42:34.726"/>
</kw>
<kw name="Wait Until Element Is Visible" library="SeleniumLibrary">
<arg>tag:iframe</arg>
<doc>Waits until the element ``locator`` is visible.</doc>
<status status="PASS" starttime="20221028 00:42:34.726" endtime="20221028 00:42:34.748"/>
</kw>
<kw name="Select Frame" library="SeleniumLibrary">
<arg>tag:iframe</arg>
<doc>Sets frame identified by ``locator`` as the current frame.</doc>
<msg timestamp="20221028 00:42:34.748" level="INFO">Selecting frame 'tag:iframe'.</msg>
<status status="PASS" starttime="20221028 00:42:34.748" endtime="20221028 00:42:34.767"/>
</kw>
<kw name="Input Text" library="SeleniumLibrary">
<arg>${email}</arg>
<arg>${email_data}</arg>
<doc>Types the given ``text`` into the text field identified by ``locator``.</doc>
<msg timestamp="20221028 00:42:34.768" level="INFO">Typing text 'ega.rifs@gmail.com' into text field 'ap_email'.</msg>
<status status="PASS" starttime="20221028 00:42:34.768" endtime="20221028 00:42:34.952"/>
</kw>
<kw name="Input Text" library="SeleniumLibrary">
<arg>${passwd}</arg>
<arg>${pass_data}</arg>
<doc>Types the given ``text`` into the text field identified by ``locator``.</doc>
<msg timestamp="20221028 00:42:34.953" level="INFO">Typing text '@Bookdepository123' into text field 'ap_password'.</msg>
<status status="PASS" starttime="20221028 00:42:34.952" endtime="20221028 00:42:35.092"/>
</kw>
<kw name="Click Element" library="SeleniumLibrary">
<arg>signInSubmit</arg>
<doc>Click the element identified by ``locator``.</doc>
<msg timestamp="20221028 00:42:35.093" level="INFO">Clicking element 'signInSubmit'.</msg>
<status status="PASS" starttime="20221028 00:42:35.092" endtime="20221028 00:42:35.264"/>
</kw>
<status status="PASS" starttime="20221028 00:42:25.865" endtime="20221028 00:42:35.264"/>
</kw>
<kw name="Sleep" library="BuiltIn">
<arg>2s</arg>
<doc>Pauses the test executed for the given time.</doc>
<msg timestamp="20221028 00:42:37.265" level="INFO">Slept 2 seconds</msg>
<status status="PASS" starttime="20221028 00:42:35.265" endtime="20221028 00:42:37.265"/>
</kw>
<kw name="Input Text" library="SeleniumLibrary">
<arg>searchTerm</arg>
<arg>Atomic Habbit</arg>
<doc>Types the given ``text`` into the text field identified by ``locator``.</doc>
<msg timestamp="20221028 00:42:37.266" level="INFO">Typing text 'Atomic Habbit' into text field 'searchTerm'.</msg>
<status status="PASS" starttime="20221028 00:42:37.266" endtime="20221028 00:42:37.732"/>
</kw>
<kw name="Press Keys" library="SeleniumLibrary">
<arg>name:searchTerm</arg>
<arg>ENTER</arg>
<doc>Simulates the user pressing key(s) to an element or on the active browser.</doc>
<msg timestamp="20221028 00:42:37.733" level="INFO">Sending key(s) ('ENTER',) to name:searchTerm element.</msg>
<msg timestamp="20221028 00:42:38.144" level="INFO">Pressing special key ENTER to element.</msg>
<msg timestamp="20221028 00:42:38.144" level="INFO">Releasing special key ENTER.</msg>
<status status="PASS" starttime="20221028 00:42:37.732" endtime="20221028 00:42:39.343"/>
</kw>
<kw name="Click Link" library="SeleniumLibrary">
<arg>link:Atomic Habits (EXP)</arg>
<doc>Clicks a link identified by ``locator``.</doc>
<msg timestamp="20221028 00:42:39.344" level="INFO">Clicking link 'link:Atomic Habits (EXP)'.</msg>
<status status="PASS" starttime="20221028 00:42:39.343" endtime="20221028 00:42:40.490"/>
</kw>
<kw name="Sleep" library="BuiltIn">
<arg>2s</arg>
<doc>Pauses the test executed for the given time.</doc>
<msg timestamp="20221028 00:42:42.492" level="INFO">Slept 2 seconds</msg>
<status status="PASS" starttime="20221028 00:42:40.491" endtime="20221028 00:42:42.492"/>
</kw>
<kw name="Click Element" library="SeleniumLibrary">
<arg>//a[contains(@class, 'btn btn-grey add-to-wishlist')]</arg>
<doc>Click the element identified by ``locator``.</doc>
<msg timestamp="20221028 00:42:42.493" level="INFO">Clicking element '//a[contains(@class, 'btn btn-grey add-to-wishlist')]'.</msg>
<status status="PASS" starttime="20221028 00:42:42.492" endtime="20221028 00:42:42.560"/>
</kw>
<kw name="Sleep" library="BuiltIn">
<arg>2s</arg>
<doc>Pauses the test executed for the given time.</doc>
<msg timestamp="20221028 00:42:44.562" level="INFO">Slept 2 seconds</msg>
<status status="PASS" starttime="20221028 00:42:42.560" endtime="20221028 00:42:44.562"/>
</kw>
<kw name="Click Button" library="SeleniumLibrary">
<arg>//button[contains(@class, 'btn btn-primary btn-add pull-right')]</arg>
<doc>Clicks the button identified by ``locator``.</doc>
<msg timestamp="20221028 00:42:44.563" level="INFO">Clicking button '//button[contains(@class, 'btn btn-primary btn-add pull-right')]'.</msg>
<status status="PASS" starttime="20221028 00:42:44.562" endtime="20221028 00:42:44.626"/>
</kw>
<kw name="Sleep" library="BuiltIn">
<arg>3s</arg>
<doc>Pauses the test executed for the given time.</doc>
<msg timestamp="20221028 00:42:47.627" level="INFO">Slept 3 seconds</msg>
<status status="PASS" starttime="20221028 00:42:44.626" endtime="20221028 00:42:47.627"/>
</kw>
<kw name="Click Element" library="SeleniumLibrary">
<arg>//a[@href="/account/wishlist?wishlistId=3986737"]</arg>
<doc>Click the element identified by ``locator``.</doc>
<msg timestamp="20221028 00:42:47.628" level="INFO">Clicking element '//a[@href="/account/wishlist?wishlistId=3986737"]'.</msg>
<status status="PASS" starttime="20221028 00:42:47.628" endtime="20221028 00:42:48.744"/>
</kw>
<kw name="Sleep" library="BuiltIn">
<arg>2s</arg>
<doc>Pauses the test executed for the given time.</doc>
<msg timestamp="20221028 00:42:50.747" level="INFO">Slept 2 seconds</msg>
<status status="PASS" starttime="20221028 00:42:48.745" endtime="20221028 00:42:50.747"/>
</kw>
<kw name="Element Should Contain" library="SeleniumLibrary">
<arg>//h2[contains(@class, 'item-title')]</arg>
<arg>Atomic Habits (EXP)</arg>
<doc>Verifies that element ``locator`` contains text ``expected``.</doc>
<msg timestamp="20221028 00:42:50.773" level="INFO">Element '//h2[contains(@class, 'item-title')]' contains text 'Atomic Habits (EXP)'.</msg>
<status status="PASS" starttime="20221028 00:42:50.747" endtime="20221028 00:42:50.774"/>
</kw>
<kw name="Close Browser" library="SeleniumLibrary">
<doc>Closes the current browser.</doc>
<status status="PASS" starttime="20221028 00:42:50.774" endtime="20221028 00:42:50.931"/>
</kw>
<status status="PASS" starttime="20221028 00:42:25.864" endtime="20221028 00:42:50.931"/>
</test>
<status status="PASS" starttime="20221028 00:42:25.860" endtime="20221028 00:42:50.933"/>
</suite>
<status status="PASS" starttime="20221028 00:41:14.725" endtime="20221028 00:42:50.935"/>
</suite>
<statistics>
<total>
<stat pass="5" fail="0" skip="0">All Tests</stat>
</total>
<tag>
</tag>
<suite>
<stat pass="5" fail="0" skip="0" id="s1" name="Testsuite">Testsuite</stat>
<stat pass="1" fail="0" skip="0" id="s1-s1" name="1.Login Page">Testsuite.1.Login Page</stat>
<stat pass="3" fail="0" skip="0" id="s1-s2" name="2.Basket Page">Testsuite.2.Basket Page</stat>
<stat pass="1" fail="0" skip="0" id="s1-s3" name="3.Whislist Page">Testsuite.3.Whislist Page</stat>
</suite>
</statistics>
<errors>
</errors>
</robot>
